<?xml version="1.0" encoding="UTF-8"?>
<!-- Generated by org.testng.reporters.JUnitReportReporter -->
<testsuite hostname="selenium28" failures="0" tests="1" name="webDriverSamplesB46.RadioCheckbox" time="15.810" errors="0" timestamp="2024-12-11T08:44:52 IST" skipped="0">
  <testcase classname="webDriverSamplesB46.RadioCheckbox" name="RadioCheckboxText" time="15.810"/>
</testsuite> <!-- webDriverSamplesB46.RadioCheckbox -->
