<?xml version="1.0" encoding="UTF-8"?>
<!-- Generated by org.testng.reporters.JUnitReportReporter -->
<testsuite hostname="selenium28" failures="0" tests="1" name="webDriverSamplesB46.DisplayTexts" time="4.927" errors="0" timestamp="2024-12-10T14:23:18 IST" skipped="0">
  <testcase classname="webDriverSamplesB46.DisplayTexts" name="verifyBookDetails" time="4.927"/>
</testsuite> <!-- webDriverSamplesB46.DisplayTexts -->
