<?xml version="1.0" encoding="UTF-8"?>
<!-- Generated by org.testng.reporters.JUnitReportReporter -->
<testsuite hostname="selenium28" failures="0" tests="1" name="webDriverSamplesB46.GooglePagesTest" time="10.998" errors="0" timestamp="2024-12-10T13:28:49 IST" skipped="0">
  <testcase classname="webDriverSamplesB46.GooglePagesTest" name="verifyBookDetails" time="10.998"/>
</testsuite> <!-- webDriverSamplesB46.GooglePagesTest -->
